<?xml version="1.0" encoding="UTF-8"?>
<!-- Generated by org.testng.reporters.JUnitXMLReporter -->
<testsuite hostname="CPN-IT-ANILKUMAR" ignored="0" name="Default test" tests="15" failures="0" timestamp="11 Jun 2018 11:38:38 GMT" time="121.197" errors="0">
  <testcase name="loginAsBroker" time="10.405" classname="testcases.BrokerProcessedTabTest"/>
  <testcase name="verifyProcessedTabTest" time="6.955" classname="testcases.BrokerProcessedTabTest"/>
  <testcase name="verifyPaySelectionSortTest" time="9.977" classname="testcases.BrokerProcessedTabTest"/>
  <testcase name="verifyDiscountSortTest" time="10.419" classname="testcases.BrokerProcessedTabTest"/>
  <testcase name="verifyPulledFromBankDateSortTest" time="9.4" classname="testcases.BrokerProcessedTabTest"/>
  <testcase name="verifyPaidToCarrierSortTest" time="9.008" classname="testcases.BrokerProcessedTabTest"/>
  <testcase name="verifyAmountPulledSortTest" time="7.97" classname="testcases.BrokerProcessedTabTest"/>
  <testcase name="verifyAmountPaidToCarrierSortTest" time="8.25" classname="testcases.BrokerProcessedTabTest"/>
  <testcase name="verifyCarrierSortTest" time="8.006" classname="testcases.BrokerProcessedTabTest"/>
  <testcase name="verifyLoadIDSortTest" time="6.746" classname="testcases.BrokerProcessedTabTest"/>
  <testcase name="verifyCompanySearchTest" time="5.369" classname="testcases.BrokerProcessedTabTest"/>
  <testcase name="verifyInvoiceSearchTest" time="3.958" classname="testcases.BrokerProcessedTabTest"/>
  <testcase name="verifyAmountSearchTest" time="3.846" classname="testcases.BrokerProcessedTabTest"/>
  <testcase name="verifyDateSearchTest" time="3.888" classname="testcases.BrokerProcessedTabTest"/>
  <testcase name="verifyLoadIDSearchTest" time="3.84" classname="testcases.BrokerProcessedTabTest"/>
</testsuite> <!-- Default test -->
