<?xml version="1.0" encoding="UTF-8"?>
<!-- Generated by org.testng.reporters.JUnitXMLReporter -->
<testsuite hostname="CPN-IT-ANILKUMAR" ignored="1" name="Default test" tests="9" failures="0" timestamp="14 Jun 2018 18:33:17 GMT" time="48.609" errors="0">
  <testcase name="loginAsCarrier" time="3.465" classname="testcases.CarrierPaidTabTest"/>
  <testcase name="verifyPaidTabTest" time="2.734" classname="testcases.CarrierPaidTabTest"/>
  <testcase name="verifyStatusSortTest" time="5.682" classname="testcases.CarrierPaidTabTest"/>
  <testcase name="verifyAmountSortTest" time="5.493" classname="testcases.CarrierPaidTabTest"/>
  <testcase name="verifyPayerSortTest" time="5.531" classname="testcases.CarrierPaidTabTest"/>
  <testcase name="verifyLoadIdSortTest" time="5.642" classname="testcases.CarrierPaidTabTest"/>
  <testcase name="verifySearchAmountTest" time="3.016" classname="testcases.CarrierPaidTabTest"/>
  <testcase name="verifySearchPayerTest" time="2.912" classname="testcases.CarrierPaidTabTest"/>
  <testcase name="verifySearchLoadIdTest" time="2.837" classname="testcases.CarrierPaidTabTest"/>
  <testcase name="verifySearchStatusTest" time="0.0" classname="testcases.CarrierPaidTabTest">
    <ignored/>
  </testcase> <!-- verifySearchStatusTest -->
</testsuite> <!-- Default test -->
