<?xml version="1.0" encoding="UTF-8"?>
<!-- Generated by org.testng.reporters.JUnitXMLReporter -->
<testsuite hostname="CPN-IT-ANILKUMAR" ignored="0" name=" Test Cases" tests="41" failures="0" timestamp="07 Jun 2018 11:42:50 GMT" time="1096.519" errors="0">
  <testcase name="BrokerRegister" time="32.766" classname="testcases.BrokerRegisterCanadaTest"/>
  <testcase name="login" time="7.165" classname="testcases.BrokerOutlookCanadaTest"/>
  <testcase name="outlookloginTest" time="39.453" classname="testcases.BrokerOutlookCanadaTest"/>
  <testcase name="Home" time="4.639" classname="testcases.AdminBrokerCanadaTest"/>
  <testcase name="adminLogin" time="14.244" classname="testcases.AdminBrokerCanadaTest"/>
  <testcase name="loginTest" time="5.746" classname="testcases.BrokerCanadaFirstLoginTest"/>
  <testcase name="CarrierRegister" time="35.267" classname="testcases.CarrierRegisterCanadaTest"/>
  <testcase name="login" time="7.898" classname="testcases.CarrierOutlookCanadaTest"/>
  <testcase name="outlookloginTest" time="38.658" classname="testcases.CarrierOutlookCanadaTest"/>
  <testcase name="Home" time="4.611" classname="testcases.AdminCarrierCanadaTest"/>
  <testcase name="adminLogin" time="14.704" classname="testcases.AdminCarrierCanadaTest"/>
  <testcase name="loginTest" time="10.154" classname="testcases.CarrierCanadaFirstLoginTest"/>
  <testcase name="loginBroker" time="3.68" classname="testcases.ShipperSchedulePaymentTest"/>
  <testcase name="brokernewPayment" time="19.65" classname="testcases.ShipperSchedulePaymentTest"/>
  <testcase name="loginBroker" time="2.984" classname="testcases.ShipperAdvancePaymentTest"/>
  <testcase name="brokernewPayment" time="20.218" classname="testcases.ShipperAdvancePaymentTest"/>
  <testcase name="loginTest" time="11.088" classname="testcases.ShipperAdvancePaymentTest"/>
  <testcase name="loginCarrier" time="9.043" classname="testcases.CarrierSchedulePaymentTest"/>
  <testcase name="carrierPaymeNow" time="18.126" classname="testcases.CarrierSchedulePaymentTest"/>
  <testcase name="loginBroker" time="5.859" classname="testcases.BrokerPaymentforUnmatchedCarrierTest"/>
  <testcase name="brokernewPayment" time="19.939" classname="testcases.BrokerPaymentforUnmatchedCarrierTest"/>
  <testcase name="brokernewPayment" time="19.848" classname="testcases.BrokerPaymentforUnmatchedCarrierTest"/>
  <testcase name="login" time="8.81" classname="testcases.UnmatchedCarrierOutlookNextDayTest"/>
  <testcase name="outlookloginTest" time="58.69" classname="testcases.UnmatchedCarrierOutlookNextDayTest"/>
  <testcase name="CarrierRegister" time="29.982" classname="testcases.UnmatchedCarrierOutlookNextDayTest"/>
  <testcase name="login" time="8.741" classname="testcases.UnmatchedCariierEmailVerifyNextDayTest"/>
  <testcase name="outlookloginTest" time="49.612" classname="testcases.UnmatchedCariierEmailVerifyNextDayTest"/>
  <testcase name="Home" time="8.587" classname="testcases.UnmatchedCarrierAdminNextDayTest"/>
  <testcase name="adminLogin" time="13.574" classname="testcases.UnmatchedCarrierAdminNextDayTest"/>
  <testcase name="loginTest" time="10.681" classname="testcases.CarrierFirstLoginNextDayACHTest"/>
  <testcase name="carrierPaymenowNextDAYACH" time="34.191" classname="testcases.UnmatchedCarrierNextDayACHTest"/>
  <testcase name="login" time="9.466" classname="testcases.UnmatchedCarrierOutlookNewPaymentTest"/>
  <testcase name="outlookloginTest" time="67.48" classname="testcases.UnmatchedCarrierOutlookNewPaymentTest"/>
  <testcase name="CarrierRegister" time="29.029" classname="testcases.UnmatchedCarrierOutlookNewPaymentTest"/>
  <testcase name="login" time="9.254" classname="testcases.UnmatchedNewPaymentCarrierOutlookTest"/>
  <testcase name="outlookloginTest" time="38.829" classname="testcases.UnmatchedNewPaymentCarrierOutlookTest"/>
  <testcase name="Home" time="4.136" classname="testcases.UnmatchedNewPaymentAdminCarrierTest"/>
  <testcase name="adminLogin" time="13.302" classname="testcases.UnmatchedNewPaymentAdminCarrierTest"/>
  <testcase name="loginTest" time="25.749" classname="testcases.UnmatchedNewPaymentCarrierTest"/>
  <testcase name="loginTest" time="5.731" classname="testcases.CarrierPayMeNowFuelCardTest"/>
  <testcase name="carrierPaymenowFuelCard" time="50.642" classname="testcases.CarrierPayMeNowFuelCardTest"/>
</testsuite> <!--  Test Cases -->
