<?xml version="1.0" encoding="UTF-8"?>
<!-- Generated by org.testng.reporters.JUnitXMLReporter -->
<testsuite hostname="CPN-IT-ANILKUMAR" ignored="0" name=" Test Cases" tests="4" failures="0" timestamp="22 May 2018 13:31:56 GMT" time="150.405" errors="0">
  <testcase name="BrokerRegister" time="34.229" classname="testcases.BrokerRegisterTest"/>
  <testcase name="loginTest" time="21.829" classname="testcases.outlooklogintest"/>
  <testcase name="loginTest" time="10.423" classname="testcases.BrokerLoginTest"/>
  <testcase name="CarrierRegister" time="34.844" classname="testcases.CarrierRegisterTest"/>
</testsuite> <!--  Test Cases -->
